<?xml version="1.0" encoding="UTF-8"?>
<!-- Generated by org.testng.reporters.JUnitReportReporter -->
<testsuite hostname="sf-cpu-558" failures="0" tests="3" name="swagLabs_test.Swag_LoginTest" time="1.491" errors="0" timestamp="2023-09-15T13:37:22 IST" skipped="0">
  <testcase classname="swagLabs_test.Swag_LoginTest" name="Login" time="0.491"/>
  <system-out/>
  <testcase classname="swagLabs_test.Swag_LoginTest" name="Verifytitle" time="0.170"/>
  <system-out/>
  <testcase classname="swagLabs_test.Swag_LoginTest" name="AddToCart" time="0.830"/>
  <system-out/>
</testsuite> <!-- swagLabs_test.Swag_LoginTest -->
