<?xml version="1.0" encoding="UTF-8"?>
<!-- Generated by org.testng.reporters.JUnitReportReporter -->
<testsuite hostname="sf-cpu-558" failures="0" tests="3" name="swagLabs_test.Swag_LoginTest" time="1.530" errors="0" timestamp="2023-09-15T18:36:45 IST" skipped="0">
  <testcase classname="swagLabs_test.Swag_LoginTest" name="ClickOnLogin" time="0.570"/>
  <testcase classname="swagLabs_test.Swag_LoginTest" name="Verifytitle" time="0.216"/>
  <testcase classname="swagLabs_test.Swag_LoginTest" name="ClickOnAddToCart" time="0.744"/>
</testsuite> <!-- swagLabs_test.Swag_LoginTest -->
